<?xml version="1.0" encoding="UTF-8" ?>
<testsuite tests="5" failures="0" name="cn.hlx.springframework.test.ApiTest" time="0.08" errors="0" skipped="0">
  <properties>
[...]
</properties>
  <testcase classname="cn.hlx.springframework.test.ApiTest" name="test_constructor" time="0.003"/>
  <testcase classname="cn.hlx.springframework.test.ApiTest" name="test_newInstance" time="0"/>
  <testcase classname="cn.hlx.springframework.test.ApiTest" name="test_cglib" time="0.07"/>
  <testcase classname="cn.hlx.springframework.test.ApiTest" name="test_BeanFactory" time="0.007"/>
  <testcase classname="cn.hlx.springframework.test.ApiTest" name="test_parameterTypes" time="0"/>
</testsuite>